<?xml version="1.0" encoding="UTF-8"?>
<testng-results skipped="0" failed="0" ignored="0" total="1" passed="1">
  <reporter-output>
    <line>
      <![CDATA[Inside Method for Enabling Page classes]]>
    </line>
  </reporter-output>
  <suite name="Default suite" duration-ms="20542" started-at="2018-12-18T01:36:49Z" finished-at="2018-12-18T01:37:10Z">
    <groups>
      <group name="Sanity">
        <method signature="LoginToPortalTest.loginTest_01()[pri:1, instance:features.webTests.testng.LoginToPortalTest@4313f5bc]" name="loginTest_01" class="features.webTests.testng.LoginToPortalTest"/>
      </group> <!-- Sanity -->
      <group name="Regression">
        <method signature="LoginToPortalTest.loginTest_01()[pri:1, instance:features.webTests.testng.LoginToPortalTest@4313f5bc]" name="loginTest_01" class="features.webTests.testng.LoginToPortalTest"/>
      </group> <!-- Regression -->
    </groups>
    <test name="Default test" duration-ms="20542" started-at="2018-12-18T01:36:49Z" finished-at="2018-12-18T01:37:10Z">
      <class name="features.webTests.testng.LoginToPortalTest">
        <test-method status="PASS" signature="setUp()[pri:0, instance:features.webTests.testng.LoginToPortalTest@4313f5bc]" name="setUp" is-config="true" duration-ms="8490" started-at="2018-12-18T12:36:49Z" finished-at="2018-12-18T12:36:58Z">
          <reporter-output>
            <line>
              <![CDATA[Inside Method for Enabling Page classes]]>
            </line>
          </reporter-output>
        </test-method> <!-- setUp -->
        <test-method status="PASS" signature="loginTest_01()[pri:1, instance:features.webTests.testng.LoginToPortalTest@4313f5bc]" name="loginTest_01" duration-ms="11267" started-at="2018-12-18T12:36:58Z" description="Test to check login function to Application" finished-at="2018-12-18T12:37:09Z">
          <reporter-output>
          </reporter-output>
        </test-method> <!-- loginTest_01 -->
        <test-method status="PASS" signature="tearDown()[pri:0, instance:features.webTests.testng.LoginToPortalTest@4313f5bc]" name="tearDown" is-config="true" duration-ms="757" started-at="2018-12-18T12:37:09Z" finished-at="2018-12-18T12:37:10Z">
          <reporter-output>
          </reporter-output>
        </test-method> <!-- tearDown -->
      </class> <!-- features.webTests.testng.LoginToPortalTest -->
    </test> <!-- Default test -->
  </suite> <!-- Default suite -->
</testng-results>
